<?xml version="1.0" encoding="UTF-8"?>
<!-- Generated by org.testng.reporters.JUnitReportReporter -->
<testsuite skipped="0" hostname="INTMAC-Q3ULG3QD.local" name="RunnerPack.TestRunner" tests="2" failures="0" timestamp="11 Jul 2018 22:27:53 GMT" time="3.373" errors="0">
  <testcase name="runScenario" time="1.236" classname="RunnerPack.TestRunner"/>
  <testcase name="runScenario" time="2.137" classname="RunnerPack.TestRunner"/>
</testsuite> <!-- RunnerPack.TestRunner -->
