<?xml version="1.0" encoding="UTF-8"?>
<!-- Generated by org.testng.reporters.JUnitReportReporter -->
<testsuite hostname="INTMAC-Q3ULG3QD.local" failures="0" tests="2" name="RunnerPack.TestRunner" time="3.384" errors="0" timestamp="11 Jul 2018 22:39:33 GMT" skipped="0">
  <testcase classname="RunnerPack.TestRunner" name="runScenario" time="1.216"/>
  <testcase classname="RunnerPack.TestRunner" name="runScenario" time="2.168"/>
</testsuite> <!-- RunnerPack.TestRunner -->
